<?xml version="1.0" encoding="UTF-8"?>
<!-- Generated by org.testng.reporters.JUnitReportReporter -->
<testsuite hostname="F2-E6" failures="0" tests="3" name="exercicis_video.TestCases" time="0.004" errors="0" timestamp="2024-04-10T09:57:10 CEST" skipped="0">
  <testcase classname="exercicis_video.TestCases" name="setup" time="0.004"/>
  <system-out/>
  <testcase classname="exercicis_video.TestCases" name="testSteps" time="0.000"/>
  <system-out/>
  <testcase classname="exercicis_video.TestCases" name="tearDown" time="0.000"/>
  <system-out/>
</testsuite> <!-- exercicis_video.TestCases -->
